<?xml version="1.0" encoding="UTF-8"?>
<!-- Generated by org.testng.reporters.JUnitXMLReporter -->
<testsuite ignored="0" hostname="INTLAP-141-RANITA-SAHA" failures="1" tests="4" name="chrometest" time="11.086" errors="0" timestamp="2022-07-15T16:19:16 CEST">
  <testcase classname="day22.CrossBrowserTest" name="launchbrowser" time="10.963"/>
  <testcase classname="day22.CrossBrowserTest" name="verifyTitle" time="0.013">
    <failure type="java.lang.AssertionError" message="expected [Welcome: Mercury Tours] but found [demoaut.com]">
      <![CDATA[java.lang.AssertionError: expected [Welcome: Mercury Tours] but found [demoaut.com]
at day22.CrossBrowserTest.verifyTitle(CrossBrowserTest.java:43)
at java.base/java.util.ArrayList.forEach(ArrayList.java:1511)
at java.base/java.util.concurrent.FutureTask.run(FutureTask.java:264)
at java.base/java.util.concurrent.ThreadPoolExecutor.runWorker(ThreadPoolExecutor.java:1136)
at java.base/java.util.concurrent.ThreadPoolExecutor$Worker.run(ThreadPoolExecutor.java:635)
at java.base/java.lang.Thread.run(Thread.java:833)
... Removed 24 stack frames]]>
    </failure>
  </testcase> <!-- verifyTitle -->
  <testcase classname="day22.CrossBrowserTest" name="registration" time="0.001"/>
  <testcase classname="day22.CrossBrowserTest" name="closeBrowser" time="0.071"/>
</testsuite> <!-- chrometest -->
