<?xml version="1.0" encoding="UTF-8"?>
<!-- Generated by org.testng.reporters.JUnitXMLReporter -->
<testsuite ignored="0" hostname="INTLAP-141-RANITA-SAHA" failures="0" tests="3" name="Default test" time="0.108" errors="0" timestamp="2022-07-21T13:07:01 CEST">
  <testcase classname="day24.Log4jdemo" name="setup" time="0.075"/>
  <testcase classname="day24.Log4jdemo" name="login" time="0.002"/>
  <testcase classname="day24.Log4jdemo" name="logout" time="0.001"/>
</testsuite> <!-- Default test -->
