<?xml version="1.0" encoding="UTF-8"?>
<!-- Generated by org.testng.reporters.JUnitXMLReporter -->
<testsuite ignored="0" hostname="INTLAP-141-RANITA-SAHA" failures="0" tests="5" name="Test" time="0.039" errors="0" timestamp="2022-07-15T16:15:47 CEST">
  <testcase classname="day21.TC1" name="m1" time="0.003"/>
  <testcase classname="day21.TC1" name="m2" time="0.001"/>
  <testcase classname="day21.TC2" name="m3" time="0.001"/>
  <testcase classname="day21.TC2" name="m4" time="0.0"/>
  <testcase classname="day21.TC2" name="m5" time="0.0"/>
</testsuite> <!-- Test -->
