<?xml version="1.0" encoding="UTF-8"?>
<!-- Generated by org.testng.reporters.JUnitXMLReporter -->
<testsuite ignored="0" hostname="INTLAP-141-RANITA-SAHA" failures="1" tests="3" name="logintest" time="0.05" errors="0" timestamp="2022-07-20T16:31:43 CEST">
  <testcase classname="day23Part1.LoginTest" name="setup" time="0.007">
    <failure type="java.lang.AssertionError" message="expected [true] but found [false]">
      <![CDATA[java.lang.AssertionError: expected [true] but found [false]
at day23Part1.LoginTest.setup(LoginTest.java:11)
at java.base/java.util.ArrayList.forEach(ArrayList.java:1540)
... Removed 31 stack frames]]>
    </failure>
  </testcase> <!-- setup -->
  <testcase classname="day23Part1.LoginTest" name="loginByEmail" time="0.001"/>
  <testcase classname="day23Part1.LoginTest" name="loginByFacebook" time="0.0">
    <skipped/>
  </testcase> <!-- loginByFacebook -->
</testsuite> <!-- logintest -->
