<?xml version="1.0" encoding="UTF-8"?>
<testng-results ignored="0" total="3" passed="3" failed="0" skipped="0">
  <reporter-output>
  </reporter-output>
  <suite started-at="2022-07-21T13:07:01 CEST" name="Default suite" finished-at="2022-07-21T13:07:01 CEST" duration-ms="108">
    <groups>
    </groups>
    <test started-at="2022-07-21T13:07:01 CEST" name="Default test" finished-at="2022-07-21T13:07:01 CEST" duration-ms="108">
      <class name="day24.Log4jdemo">
        <test-method signature="setup()[pri:1, instance:day24.Log4jdemo@223aa2f7]" started-at="2022-07-21T13:07:01 CEST" name="setup" finished-at="2022-07-21T13:07:01 CEST" duration-ms="75" status="PASS">
          <reporter-output>
          </reporter-output>
        </test-method> <!-- setup -->
        <test-method signature="login()[pri:2, instance:day24.Log4jdemo@223aa2f7]" started-at="2022-07-21T13:07:01 CEST" name="login" finished-at="2022-07-21T13:07:01 CEST" duration-ms="2" status="PASS">
          <reporter-output>
          </reporter-output>
        </test-method> <!-- login -->
        <test-method signature="logout()[pri:3, instance:day24.Log4jdemo@223aa2f7]" started-at="2022-07-21T13:07:01 CEST" name="logout" finished-at="2022-07-21T13:07:01 CEST" duration-ms="1" status="PASS">
          <reporter-output>
          </reporter-output>
        </test-method> <!-- logout -->
      </class> <!-- day24.Log4jdemo -->
    </test> <!-- Default test -->
  </suite> <!-- Default suite -->
</testng-results>
